<?xml version="1.0" encoding="UTF-8"?>
<testsuite name="org.example.MainTest" tests="2" skipped="0" failures="0" errors="0" timestamp="2023-12-07T12:07:00" hostname="LAPTOP-S2TIJTRT" time="0.027">
  <properties/>
  <testcase name="shouldCorrectlyCalculateValueOfPart()" classname="org.example.MainTest" time="0.024"/>
  <testcase name="sameCoordinatesAndValueShouldBeTheSamePoint()" classname="org.example.MainTest" time="0.002"/>
  <system-out><![CDATA[]]></system-out>
  <system-err><![CDATA[]]></system-err>
</testsuite>
